TN:
SF:/Users/ra/Workspace/vizzuality/microservice-node-skeleton/src/logger.js
FN:7,(anonymous_1)
FNF:1
FNH:1
FNDA:1,(anonymous_1)
DA:2,1
DA:3,1
DA:7,1
DA:8,1
DA:12,1
DA:13,0
DA:18,1
DA:22,1
LF:8
LH:7
BRDA:9,1,0,1
BRDA:9,1,1,0
BRDA:12,2,0,0
BRDA:12,2,1,1
BRDA:14,3,0,0
BRDA:14,3,1,0
BRF:6
BRH:2
end_of_record
TN:
SF:/Users/ra/Workspace/vizzuality/microservice-node-skeleton/src/serializers/errorSerializer.js
FN:18,(anonymous_1)
FN:41,(anonymous_2)
FNF:2
FNH:2
FNDA:2,(anonymous_1)
FNDA:1,(anonymous_2)
DA:3,1
DA:4,1
DA:5,1
DA:6,1
DA:19,2
DA:20,2
DA:21,2
DA:23,2
DA:24,2
DA:26,0
DA:27,0
DA:29,0
DA:31,2
DA:42,1
DA:43,1
DA:44,1
DA:45,2
DA:48,1
DA:52,1
LF:19
LH:16
BRDA:21,1,0,2
BRDA:21,1,1,0
BRDA:21,1,2,0
BRDA:43,2,0,1
BRDA:43,2,1,0
BRF:5
BRH:2
end_of_record
TN:
SF:/Users/ra/Workspace/vizzuality/microservice-node-skeleton/src/serializers/userSerializer.js
FN:9,(anonymous_1)
FN:13,(anonymous_2)
FN:20,(anonymous_3)
FNF:3
FNH:3
FNDA:3,(anonymous_1)
FNDA:6,(anonymous_2)
FNDA:2,(anonymous_3)
DA:3,1
DA:4,1
DA:5,1
DA:10,3
DA:14,6
DA:21,2
DA:25,1
LF:7
LH:7
BRF:0
BRH:0
end_of_record
